d:\github project\cpp\ergodicity_cost_\ergodicitycost\bin\intermediates\x64\debug\vc143.pdb
d:\github project\cpp\ergodicity_cost_\ergodicitycost\bin\intermediates\x64\debug\vc143.idb
d:\github project\cpp\ergodicity_cost_\ergodicitycost\bin\intermediates\x64\debug\master.obj
d:\github project\cpp\ergodicity_cost_\ergodicitycost\bin\intermediates\x64\debug\loadtxtarray.obj
d:\github project\cpp\ergodicity_cost_\ergodicitycost\bin\intermediates\x64\debug\trajdataset.obj
d:\github project\cpp\ergodicity_cost_\ergodicitycost\bin\intermediates\x64\debug\boostcdefintegral.obj
d:\github project\cpp\ergodicity_cost_\ergodicitycost\bin\intermediates\x64\debug\fourierbasis.obj
d:\github project\cpp\ergodicity_cost_\ergodicitycost\bin\intermediates\x64\debug\ergodicitycostmetric.obj
d:\github project\cpp\ergodicity_cost_\ergodicitycost\bin\x64\debug\ergodicitycost.exe
d:\github project\cpp\ergodicity_cost_\ergodicitycost\bin\x64\debug\ergodicitycost.pdb
d:\github project\cpp\ergodicity_cost_\ergodicitycost\bin\intermediates\x64\debug\ergodicitycost.ilk
d:\github project\cpp\ergodicity_cost_\ergodicitycost\bin\intermediates\x64\debug\master.obj.enc
d:\github project\cpp\ergodicity_cost_\ergodicitycost\bin\intermediates\x64\debug\ergodicitycost.vcxproj.filelistabsolute.txt
d:\github project\cpp\ergodicity_cost_\ergodicitycost\bin\intermediates\x64\debug\ergodicitycost.tlog\cl.command.1.tlog
d:\github project\cpp\ergodicity_cost_\ergodicitycost\bin\intermediates\x64\debug\ergodicitycost.tlog\cl.items.tlog
d:\github project\cpp\ergodicity_cost_\ergodicitycost\bin\intermediates\x64\debug\ergodicitycost.tlog\cl.read.1.tlog
d:\github project\cpp\ergodicity_cost_\ergodicitycost\bin\intermediates\x64\debug\ergodicitycost.tlog\cl.write.1.tlog
d:\github project\cpp\ergodicity_cost_\ergodicitycost\bin\intermediates\x64\debug\ergodicitycost.tlog\link.command.1.tlog
d:\github project\cpp\ergodicity_cost_\ergodicitycost\bin\intermediates\x64\debug\ergodicitycost.tlog\link.read.1.tlog
d:\github project\cpp\ergodicity_cost_\ergodicitycost\bin\intermediates\x64\debug\ergodicitycost.tlog\link.secondary.1.tlog
d:\github project\cpp\ergodicity_cost_\ergodicitycost\bin\intermediates\x64\debug\ergodicitycost.tlog\link.write.1.tlog
